<?xml version="1.0" encoding="UTF-8"?>
<testsuite xmlns:xsi="http://www.w3.org/2001/XMLSchema-instance" xsi:noNamespaceSchemaLocation="https://maven.apache.org/surefire/maven-surefire-plugin/xsd/surefire-test-report-3.0.xsd" version="3.0" name="DummyTest" time="0.725" tests="2" errors="0" skipped="0" failures="0">
  <properties>
[...]
</properties>
  <testcase name="testUserObject" classname="DummyTest" time="0.711">
    <system-out><![CDATA[2025-02-05 14:20:30 718 [main] DEBUG org.springframework.context.support.ClassPathXmlApplicationContext - Refreshing org.springframework.context.support.ClassPathXmlApplicationContext@736d6a5c
2025-02-05 14:20:30 838 [main] DEBUG org.springframework.beans.factory.xml.XmlBeanDefinitionReader - Loaded 1 bean definitions from class path resource [bean.xml]
2025-02-05 14:20:30 864 [main] DEBUG org.springframework.beans.factory.support.DefaultListableBeanFactory - Creating shared instance of singleton bean 'user'
No-parameter with default constructor
com.atguigu.spring6.User@56b78e55
------------BREAK LINE-------------
Adding...
]]></system-out>
  </testcase>
  <testcase name="testUserObject1" classname="DummyTest" time="0.001">
    <system-out><![CDATA[This is -testUserObject1- ------------
No-parameter with default constructor
com.atguigu.spring6.User@620aa4ea
]]></system-out>
  </testcase>
</testsuite>